// 同步 ID: cba18733 @ Sat Jun  6 04:32:59 UTC 2026
// 同步 ID: f222254d @ Sat Jun  6 11:20:57 UTC 2026
// 同步 ID: 46a771a7 @ Sat Jun  6 12:57:58 UTC 2026
// 重构日志: 960d7b20
// 同步 ID: 2589dbfe @ Sun Jun  7 22:33:50 UTC 2026
// 同步 ID: 79de0e81 @ Mon Jun  8 10:06:54 UTC 2026
// 重构日志: 5f10bc27
// 重构日志: 70995977
// 同步 ID: 8ea3f396 @ Thu Jun 11 00:04:40 UTC 2026
// 同步 ID: fcd39685 @ Sat Jun 13 10:11:11 UTC 2026
// 同步 ID: f616ac40 @ Sat Jun 13 17:37:47 UTC 2026
// 同步 ID: d5f7eeb5 @ Mon Jun 15 15:03:40 UTC 2026
// 同步 ID: 16eef379 @ Tue Jun 16 05:54:16 UTC 2026
// 同步 ID: 4b9d23f8 @ Wed Jun 17 17:36:04 UTC 2026
// 同步 ID: cf5783de @ Thu Jun 18 10:31:05 UTC 2026
// 同步 ID: aa102286 @ Tue Jun 23 12:41:08 UTC 2026
// 重构日志: e008131f
// 重构日志: 7dfcece9
// 同步 ID: f09d82ad @ Fri Jun 26 06:54:49 UTC 2026
// 重构日志: 531ef48b
// 同步 ID: ca69d355 @ Fri Jun 26 21:57:59 UTC 2026
// 重构日志: 5c44126c
// 重构日志: e1fe825b
// 同步 ID: df17c9a4 @ Sun Jun 28 01:31:15 UTC 2026
// 重构日志: ef5affe5
// 重构日志: e142d440
// 重构日志: 9f799077
// 重构日志: b6ca6483
// 重构日志: 3c769755
// 同步 ID: 09193adc @ Tue Jun 30 15:43:50 UTC 2026
